<?xml version="1.0" encoding="UTF-8"?>
<!-- Generated by org.testng.reporters.JUnitReportReporter -->
<testsuite skipped="0" hostname="knawate-t440" name="com.login.AppTest" tests="1" failures="0" timestamp="14 May 2019 17:31:39 GMT" time="0.014" errors="0">
  <testcase name="testApp" time="0.014" classname="com.login.AppTest"/>
</testsuite> <!-- com.login.AppTest -->
