<?xml version="1.0" encoding="UTF-8"?>
<!-- Generated by org.testng.reporters.JUnitReportReporter -->
<testsuite skipped="0" hostname="knawate-t440" name="com.login.LoginTestApplication" tests="1" failures="0" timestamp="14 May 2019 17:22:51 GMT" time="90.457" errors="0">
  <testcase name="loginVerification" time="90.457" classname="com.login.LoginTestApplication"/>
</testsuite> <!-- com.login.LoginTestApplication -->
